This is LuaHBTeX, Version 1.18.0 (TeX Live 2024/Arch Linux)  (format=lualatex 2024.5.13)  30 MAY 2024 20:52
 restricted system commands enabled.
**dokumentacja.tex
(./dokumentacja.tex
LaTeX2e <2023-11-01> patch level 1
L3 programming layer <2024-02-20>
Lua module: luaotfload 2024-02-14 3.28 Lua based OpenType font support
Lua module: lualibs 2023-07-13 2.76 ConTeXt Lua standard libraries.
Lua module: lualibs-extended 2023-07-13 2.76 ConTeXt Lua libraries -- extended c
ollection.
luaotfload | conf : Root cache directory is "/home/morroway/.texlive/texmf-var/l
uatex-cache/generic/names".
luaotfload | init : Loading fontloader "fontloader-2023-12-28.lua" from kpse-res
olved path "/usr/share/texmf-dist/tex/luatex/luaotfload/fontloader-2023-12-28.lu
a".
Lua-only attribute luaotfload@noligature = 1
luaotfload | init : Context OpenType loader version 3.134
Inserting `luaotfload.node_processor' in `pre_linebreak_filter'.
Inserting `luaotfload.node_processor' in `hpack_filter'.
Inserting `luaotfload.glyph_stream' in `glyph_stream_provider'.
Inserting `luaotfload.define_font' in `define_font'.
Lua-only attribute luaotfload_color_attribute = 2
luaotfload | conf : Root cache directory is "/home/morroway/.texlive/texmf-var/l
uatex-cache/generic/names".
Inserting `luaotfload.harf.strip_prefix' in `find_opentype_file'.
Inserting `luaotfload.harf.strip_prefix' in `find_truetype_file'.
Removing  `luaotfload.glyph_stream' from `glyph_stream_provider'.
Inserting `luaotfload.harf.glyphstream' in `glyph_stream_provider'.
Inserting `luaotfload.harf.finalize_vlist' in `post_linebreak_filter'.
Inserting `luaotfload.harf.finalize_hlist' in `hpack_filter'.
Inserting `luaotfload.cleanup_files' in `wrapup_run'.
Inserting `luaotfload.harf.finalize_unicode' in `finish_pdffile'.
Inserting `luaotfload.glyphinfo' in `glyph_info'.
Lua-only attribute luaotfload.letterspace_done = 3
Inserting `luaotfload.aux.set_sscale_dimens' in `luaotfload.patch_font'.
Inserting `luaotfload.aux.set_font_index' in `luaotfload.patch_font'.
Inserting `luaotfload.aux.patch_cambria_domh' in `luaotfload.patch_font'.
Inserting `luaotfload.aux.fixup_fontdata' in `luaotfload.patch_font_unsafe'.
Inserting `luaotfload.aux.set_capheight' in `luaotfload.patch_font'.
Inserting `luaotfload.aux.set_xheight' in `luaotfload.patch_font'.
Inserting `luaotfload.rewrite_fontname' in `luaotfload.patch_font'.
Inserting `tracingstacklevels' in `input_level_string'. (/usr/share/texmf-dist/
tex/latex/base/article.cls
Document Class: article 2023/05/17 v1.4n Standard LaTeX document class
(/usr/share/texmf-dist/tex/latex/base/size12.clo
File: size12.clo 2023/05/17 v1.4n Standard LaTeX file (size option)
luaotfload | db : Font names database loaded from /home/morroway/.texlive/texmf-
var/luatex-cache/generic/names/luaotfload-names.luc.gz)
\c@part=\count186
\c@section=\count187
\c@subsection=\count188
\c@subsubsection=\count189
\c@paragraph=\count190
\c@subparagraph=\count191
\c@figure=\count192
\c@table=\count193
\abovecaptionskip=\skip48
\belowcaptionskip=\skip49
\bibindent=\dimen139
)
(/usr/share/texmf-dist/tex/latex/geometry/geometry.sty
Package: geometry 2020/01/02 v5.9 Page Geometry

(/usr/share/texmf-dist/tex/latex/graphics/keyval.sty
Package: keyval 2022/05/29 v1.15 key=value parser (DPC)
\KV@toks@=\toks17
)
(/usr/share/texmf-dist/tex/generic/iftex/ifvtex.sty
Package: ifvtex 2019/10/25 v1.7 ifvtex legacy package. Use iftex instead.

(/usr/share/texmf-dist/tex/generic/iftex/iftex.sty
Package: iftex 2022/02/03 v1.0f TeX engine tests
))
\Gm@cnth=\count194
\Gm@cntv=\count195
\c@Gm@tempcnt=\count196
\Gm@bindingoffset=\dimen140
\Gm@wd@mp=\dimen141
\Gm@odd@mp=\dimen142
\Gm@even@mp=\dimen143
\Gm@layoutwidth=\dimen144
\Gm@layoutheight=\dimen145
\Gm@layouthoffset=\dimen146
\Gm@layoutvoffset=\dimen147
\Gm@dimlist=\toks18
)
(/usr/share/texmf-dist/tex/latex/graphics/graphicx.sty
Package: graphicx 2021/09/16 v1.2d Enhanced LaTeX Graphics (DPC,SPQR)

(/usr/share/texmf-dist/tex/latex/graphics/graphics.sty
Package: graphics 2022/03/10 v1.4e Standard LaTeX Graphics (DPC,SPQR)

(/usr/share/texmf-dist/tex/latex/graphics/trig.sty
Package: trig 2021/08/11 v1.11 sin cos tan (DPC)
)
(/usr/share/texmf-dist/tex/latex/graphics-cfg/graphics.cfg
File: graphics.cfg 2016/06/04 v1.11 sample graphics configuration
)
Package graphics Info: Driver file: luatex.def on input line 107.

(/usr/share/texmf-dist/tex/latex/graphics-def/luatex.def
File: luatex.def 2022/09/22 v1.2d Graphics/color driver for luatex
))
\Gin@req@height=\dimen148
\Gin@req@width=\dimen149
)
(/usr/share/texmf-dist/tex/latex/mdwtools/footnote.sty
Package: footnote 1997/01/28 1.13 Save footnotes around boxes
\fn@notes=\box51
\fn@width=\dimen150
)
(/usr/share/texmf-dist/tex/latex/caption/subcaption.sty
Package: subcaption 2023/07/28 v1.6b Sub-captions (AR)

(/usr/share/texmf-dist/tex/latex/caption/caption.sty
Package: caption 2023/08/05 v3.6o Customizing captions (AR)

(/usr/share/texmf-dist/tex/latex/caption/caption3.sty
Package: caption3 2023/07/31 v2.4d caption3 kernel (AR)
\caption@tempdima=\dimen151
\captionmargin=\dimen152
\caption@leftmargin=\dimen153
\caption@rightmargin=\dimen154
\caption@width=\dimen155
\caption@indent=\dimen156
\caption@parindent=\dimen157
\caption@hangindent=\dimen158
Package caption Info: Standard document class detected.
)
\c@caption@flags=\count197
\c@continuedfloat=\count198
)
Package caption Info: New subtype `subfigure' on input line 238.
\c@subfigure=\count199
Package caption Info: New subtype `subtable' on input line 238.
\c@subtable=\count266
)
(/usr/share/texmf-dist/tex/latex/pdfpages/pdfpages.sty
Package: pdfpages 2024/01/21 v0.5y Insert pages of external PDF documents (AM)

(/usr/share/texmf-dist/tex/latex/base/ifthen.sty
Package: ifthen 2022/04/13 v1.1d Standard LaTeX ifthen package (DPC)
)
(/usr/share/texmf-dist/tex/latex/tools/calc.sty
Package: calc 2023/07/08 v4.3 Infix arithmetic (KKT,FJ)
\calc@Acount=\count267
\calc@Bcount=\count268
\calc@Adimen=\dimen159
\calc@Bdimen=\dimen160
\calc@Askip=\skip50
\calc@Bskip=\skip51
LaTeX Info: Redefining \setlength on input line 80.
LaTeX Info: Redefining \addtolength on input line 81.
\calc@Ccount=\count269
\calc@Cskip=\skip52
)
(/usr/share/texmf-dist/tex/latex/eso-pic/eso-pic.sty
Package: eso-pic 2023/05/03 v3.0c eso-pic (RN)
\ESO@tempdima=\dimen161
\ESO@tempdimb=\dimen162

(/usr/share/texmf-dist/tex/latex/xcolor/xcolor.sty
Package: xcolor 2023/11/15 v3.01 LaTeX color extensions (UK)

(/usr/share/texmf-dist/tex/latex/graphics-cfg/color.cfg
File: color.cfg 2016/01/02 v1.6 sample color configuration
)
Package xcolor Info: Driver file: luatex.def on input line 274.

(/usr/share/texmf-dist/tex/latex/graphics/mathcolor.ltx)
Package xcolor Info: Model `cmy' substituted by `cmy0' on input line 1350.
Package xcolor Info: Model `hsb' substituted by `rgb' on input line 1354.
Package xcolor Info: Model `RGB' extended on input line 1366.
Package xcolor Info: Model `HTML' substituted by `rgb' on input line 1368.
Package xcolor Info: Model `Hsb' substituted by `hsb' on input line 1369.
Package xcolor Info: Model `tHsb' substituted by `hsb' on input line 1370.
Package xcolor Info: Model `HSB' substituted by `hsb' on input line 1371.
Package xcolor Info: Model `Gray' substituted by `gray' on input line 1372.
Package xcolor Info: Model `wave' substituted by `hsb' on input line 1373.
))
\AM@pagewidth=\dimen163
\AM@pageheight=\dimen164
\AM@fboxrule=\dimen165

(/usr/share/texmf-dist/tex/latex/pdfpages/ppluatex.def
File: ppluatex.def 2024/01/21 v0.5y Pdfpages driver for LuaTeX (AM)
)
\pdfpages@includegraphics@status=\count270
\AM@pagebox=\box52
\AM@global@opts=\toks19
\AM@pagecnt=\count271
\AM@toc@title=\toks20
\AM@lof@heading=\toks21
\c@AM@survey=\count272
\AM@templatesizebox=\box53
)
(/usr/share/texmf-dist/tex/latex/titling/titling.sty
Package: titling 2009/09/04 v2.1d maketitle typesetting
\thanksmarkwidth=\skip53
\thanksmargin=\skip54
\droptitle=\skip55
)
(/usr/share/texmf-dist/tex/latex/multirow/multirow.sty
Package: multirow 2021/03/15 v2.8 Span multiple rows of a table
\multirow@colwidth=\skip56
\multirow@cntb=\count273
\multirow@dima=\skip57
\bigstrutjot=\dimen166
)
(/usr/share/texmf-dist/tex/latex/float/float.sty
Package: float 2001/11/08 v1.3d Float enhancements (AL)
\c@float@type=\count274
\float@exts=\toks22
\float@box=\box54
\@float@everytoks=\toks23
\@floatcapt=\box55
)
(/usr/share/texmf-dist/tex/latex/polski/polski.sty
Package: polski 2021/08/25 v1.3.6 Polish language package
\l@polish=\language2

(/usr/share/texmf-dist/tex/generic/hyph-utf8/patterns/tex/hyph-pl.tex))
(/usr/share/texmf-dist/tex/latex/hyperref/hyperref.sty
Package: hyperref 2024-01-20 v7.01h Hypertext links for LaTeX

(/usr/share/texmf-dist/tex/latex/kvsetkeys/kvsetkeys.sty
Package: kvsetkeys 2022-10-05 v1.19 Key value parser (HO)
)
(/usr/share/texmf-dist/tex/generic/kvdefinekeys/kvdefinekeys.sty
Package: kvdefinekeys 2019-12-19 v1.6 Define keys (HO)
)
(/usr/share/texmf-dist/tex/generic/pdfescape/pdfescape.sty
Package: pdfescape 2019/12/09 v1.15 Implements pdfTeX's escape features (HO)

(/usr/share/texmf-dist/tex/generic/ltxcmds/ltxcmds.sty
Package: ltxcmds 2023-12-04 v1.26 LaTeX kernel commands for general use (HO)
)
(/usr/share/texmf-dist/tex/generic/pdftexcmds/pdftexcmds.sty
Package: pdftexcmds 2020-06-27 v0.33 Utility functions of pdfTeX for LuaTeX (HO
)

(/usr/share/texmf-dist/tex/generic/infwarerr/infwarerr.sty
Package: infwarerr 2019/12/03 v1.5 Providing info/warning/error messages (HO)
)
Package pdftexcmds Info: \pdf@primitive is available.
Package pdftexcmds Info: \pdf@ifprimitive is available.
Package pdftexcmds Info: \pdfdraftmode found.
\pdftexcmds@toks=\toks24
))
(/usr/share/texmf-dist/tex/latex/hycolor/hycolor.sty
Package: hycolor 2020-01-27 v1.10 Color options for hyperref/bookmark (HO)
)
(/usr/share/texmf-dist/tex/latex/auxhook/auxhook.sty
Package: auxhook 2019-12-17 v1.6 Hooks for auxiliary files (HO)
)
(/usr/share/texmf-dist/tex/latex/hyperref/nameref.sty
Package: nameref 2023-11-26 v2.56 Cross-referencing by name of section

(/usr/share/texmf-dist/tex/latex/refcount/refcount.sty
Package: refcount 2019/12/15 v3.6 Data extraction from label references (HO)
)
(/usr/share/texmf-dist/tex/generic/gettitlestring/gettitlestring.sty
Package: gettitlestring 2019/12/15 v1.6 Cleanup title references (HO)

(/usr/share/texmf-dist/tex/latex/kvoptions/kvoptions.sty
Package: kvoptions 2022-06-15 v3.15 Key value format for package options (HO)
))
\c@section@level=\count275
)
(/usr/share/texmf-dist/tex/latex/etoolbox/etoolbox.sty
Package: etoolbox 2020/10/05 v2.5k e-TeX tools for LaTeX (JAW)
\etb@tempcnta=\count276
)
\@linkdim=\dimen167
\Hy@linkcounter=\count277
\Hy@pagecounter=\count278

(/usr/share/texmf-dist/tex/latex/hyperref/pd1enc.def
File: pd1enc.def 2024-01-20 v7.01h Hyperref: PDFDocEncoding definition (HO)
)
(/usr/share/texmf-dist/tex/generic/intcalc/intcalc.sty
Package: intcalc 2019/12/15 v1.3 Expandable calculations with integers (HO)
)
\Hy@SavedSpaceFactor=\count279

(/usr/share/texmf-dist/tex/latex/hyperref/puenc.def
File: puenc.def 2024-01-20 v7.01h Hyperref: PDF Unicode definition (HO)
)
Package hyperref Info: Hyper figures OFF on input line 4179.
Package hyperref Info: Link nesting OFF on input line 4184.
Package hyperref Info: Hyper index ON on input line 4187.
Package hyperref Info: Plain pages OFF on input line 4194.
Package hyperref Info: Backreferencing OFF on input line 4199.
Package hyperref Info: Implicit mode ON; LaTeX internals redefined.
Package hyperref Info: Bookmarks ON on input line 4446.
\c@Hy@tempcnt=\count280

(/usr/share/texmf-dist/tex/latex/url/url.sty
\Urlmuskip=\muskip16
Package: url 2013/09/16  ver 3.4  Verb mode for urls, etc.
)
LaTeX Info: Redefining \url on input line 4784.
\XeTeXLinkMargin=\dimen168

(/usr/share/texmf-dist/tex/generic/bitset/bitset.sty
Package: bitset 2019/12/09 v1.3 Handle bit-vector datatype (HO)

(/usr/share/texmf-dist/tex/generic/bigintcalc/bigintcalc.sty
Package: bigintcalc 2019/12/15 v1.5 Expandable calculations on big integers (HO
)
))
\Fld@menulength=\count281
\Field@Width=\dimen169
\Fld@charsize=\dimen170
Package hyperref Info: Hyper figures OFF on input line 6063.
Package hyperref Info: Link nesting OFF on input line 6068.
Package hyperref Info: Hyper index ON on input line 6071.
Package hyperref Info: backreferencing OFF on input line 6078.
Package hyperref Info: Link coloring OFF on input line 6083.
Package hyperref Info: Link coloring with OCG OFF on input line 6088.
Package hyperref Info: PDF/A mode OFF on input line 6093.

(/usr/share/texmf-dist/tex/latex/base/atbegshi-ltx.sty
Package: atbegshi-ltx 2021/01/10 v1.0c Emulation of the original atbegshi
package with kernel methods
)
\Hy@abspage=\count282
\c@Item=\count283
\c@Hfootnote=\count284
)
Package hyperref Info: Driver (autodetected): hluatex.

(/usr/share/texmf-dist/tex/latex/hyperref/hluatex.def
File: hluatex.def 2024-01-20 v7.01h Hyperref driver for luaTeX

(/usr/share/texmf-dist/tex/generic/stringenc/stringenc.sty
Package: stringenc 2019/11/29 v1.12 Convert strings between diff. encodings (HO
)
)
(/usr/share/texmf-dist/tex/latex/base/atveryend-ltx.sty
Package: atveryend-ltx 2020/08/19 v1.0a Emulation of the original atveryend pac
kage
with kernel methods
)
\Fld@listcount=\count285
\c@bookmark@seq@number=\count286

(/usr/share/texmf-dist/tex/latex/rerunfilecheck/rerunfilecheck.sty
Package: rerunfilecheck 2022-07-10 v1.10 Rerun checks for auxiliary files (HO)

(/usr/share/texmf-dist/tex/generic/uniquecounter/uniquecounter.sty
Package: uniquecounter 2019/12/15 v1.4 Provide unlimited unique counter (HO)
)
Package uniquecounter Info: New unique counter `rerunfilecheck' on input line 2
85.
)
\Hy@SectionHShift=\skip58
)
(/usr/share/texmf-dist/tex/generic/babel/babel.sty
Package: babel 2024/02/07 v24.2 The Babel package

(/usr/share/texmf-dist/tex/generic/babel/luababel.def
\bbl@readstream=\read2
\l@dumylang=\language3
Package babel Info: Non-standard hyphenation setup on input line 118.
\l@nohyphenation=\language4
\l@vietnamese=\language5
\l@hebrew=\language6
\l@basque=\language7
\l@french=\language8
\l@polish=\language9
\babelcatcodetablenum=\catcodetable14
\bbl@pattcodes=\catcodetable15
)
\babel@savecnt=\count287
\U@D=\dimen171
\l@unhyphenated=\language10

(/usr/share/texmf-dist/tex/generic/babel/luababel.def
\bbl@attr@locale=\attribute4
)
(/usr/share/texmf-dist/tex/generic/babel-polish/polish.ldf
Language: polish 2022/03/12 1.3 Babel support for Polish
Package babel Info: Making " an active character on input line 101.

(/usr/share/texmf-dist/tex/generic/hyph-utf8/loadhyph/loadhyph-pl.tex
UTF-8 Polish hyphenation patterns
(/usr/share/texmf-dist/tex/generic/hyph-utf8/patterns/tex/hyph-pl.tex))))
(/usr/share/texmf-dist/tex/generic/babel/locale/pl/babel-polish.tex
Package babel Info: Importing font and identification data for polish
(babel)             from babel-pl.ini. Reported on input line 11.
)
(/usr/share/texmf-dist/tex/generic/babel/locale/pl/babel-polish.tex
Package babel Info: Importing basic data for polish
(babel)             from babel-pl.ini. Reported on input line 11.
)
Inserting `Babel.hyphenate' in `hyphenate'.
\bbl@ATR@oneletter.nobreak@polish@=\attribute5

(/usr/share/texmf-dist/tex/latex/l3backend/l3backend-luatex.def
File: l3backend-luatex.def 2024-02-20 L3 backend support: PDF output (LuaTeX)
\l__color_backend_stack_int=\count288
Inserting `l3color' in `luaotfload.parse_color'.
\l__pdf_internal_box=\box56
)

LaTeX Warning: Unused global option(s):
    [openany].

(./dokumentacja.aux)
\openout1 = dokumentacja.aux

LaTeX Font Info:    Checking defaults for OML/cmm/m/it on input line 31.
LaTeX Font Info:    ... okay on input line 31.
LaTeX Font Info:    Checking defaults for OMS/cmsy/m/n on input line 31.
LaTeX Font Info:    ... okay on input line 31.
LaTeX Font Info:    Checking defaults for OT1/cmr/m/n on input line 31.
LaTeX Font Info:    ... okay on input line 31.
LaTeX Font Info:    Checking defaults for T1/cmr/m/n on input line 31.
LaTeX Font Info:    ... okay on input line 31.
LaTeX Font Info:    Checking defaults for TS1/cmr/m/n on input line 31.
LaTeX Font Info:    Trying to load font information for TS1+cmr on input line 3
1.
 (/usr/share/texmf-dist/tex/latex/base/ts1cmr.fd
File: ts1cmr.fd 2023/04/13 v2.5m Standard LaTeX font definitions
)
LaTeX Font Info:    ... okay on input line 31.
LaTeX Font Info:    Checking defaults for TU/lmr/m/n on input line 31.
LaTeX Font Info:    ... okay on input line 31.
LaTeX Font Info:    Checking defaults for OMX/cmex/m/n on input line 31.
LaTeX Font Info:    ... okay on input line 31.
LaTeX Font Info:    Checking defaults for U/cmr/m/n on input line 31.
LaTeX Font Info:    ... okay on input line 31.
LaTeX Font Info:    Checking defaults for PD1/pdf/m/n on input line 31.
LaTeX Font Info:    ... okay on input line 31.
LaTeX Font Info:    Checking defaults for PU/pdf/m/n on input line 31.
LaTeX Font Info:    ... okay on input line 31.

*geometry* driver: auto-detecting
*geometry* detected driver: luatex
*geometry* verbose mode - [ preamble ] result:
* driver: luatex
* paper: a4paper
* layout: <same size as paper>
* layoutoffset:(h,v)=(0.0pt,0.0pt)
* modes: 
* h-part:(L,W,R)=(45.80893pt, 505.89pt, 45.80894pt)
* v-part:(T,H,B)=(48.93872pt, 722.7pt, 73.40813pt)
* \paperwidth=597.50787pt
* \paperheight=845.04684pt
* \textwidth=505.89pt
* \textheight=722.7pt
* \oddsidemargin=-26.46106pt
* \evensidemargin=-26.46106pt
* \topmargin=-60.33127pt
* \headheight=12.0pt
* \headsep=25.0pt
* \topskip=12.0pt
* \footskip=30.0pt
* \marginparwidth=35.0pt
* \marginparsep=10.0pt
* \columnsep=10.0pt
* \skip\footins=10.8pt plus 4.0pt minus 2.0pt
* \hoffset=0.0pt
* \voffset=0.0pt
* \mag=1000
* \@twocolumnfalse
* \@twosidefalse
* \@mparswitchfalse
* \@reversemarginfalse
* (1in=72.27pt=25.4mm, 1cm=28.453pt)

(/usr/share/texmf-dist/tex/context/base/mkii/supp-pdf.mkii
[Loading MPS to PDF converter (version 2006.09.02).]
\scratchcounter=\count289
\scratchdimen=\dimen172
\scratchbox=\box57
\nofMPsegments=\count290
\nofMParguments=\count291
\everyMPshowfont=\toks25
\MPscratchCnt=\count292
\MPscratchDim=\dimen173
\MPnumerator=\count293
\makeMPintoPDFobject=\count294
\everyMPtoPDFconversion=\toks26
) (/usr/share/texmf-dist/tex/latex/epstopdf-pkg/epstopdf-base.sty
Package: epstopdf-base 2020-01-24 v2.11 Base part for package epstopdf

(/usr/share/texmf-dist/tex/latex/grfext/grfext.sty
Package: grfext 2019/12/03 v1.3 Manage graphics extensions (HO)
)
Package epstopdf-base Info: Redefining graphics rule for `.eps' on input line 4
85.
Package grfext Info: Graphics extension search list:
(grfext)             [.pdf,.png,.jpg,.mps,.jpeg,.jbig2,.jb2,.PDF,.PNG,.JPG,.JPE
G,.JBIG2,.JB2,.eps]
(grfext)             \AppendGraphicsExtensions on input line 504.

(/usr/share/texmf-dist/tex/latex/latexconfig/epstopdf-sys.cfg
File: epstopdf-sys.cfg 2010/07/13 v1.3 Configuration of (r)epstopdf for TeX Liv
e
))
Package caption Info: Begin \AtBeginDocument code.
Package caption Info: float package is loaded.
Package caption Info: hyperref package is loaded.
Package caption Info: End \AtBeginDocument code.

(/usr/share/texmf-dist/tex/latex/pdflscape/pdflscape.sty
Package: pdflscape 2022-10-27 v0.13 Display of landscape pages in PDF

(/usr/share/texmf-dist/tex/latex/pdflscape/pdflscape-nometadata.sty
Package: pdflscape-nometadata 2022-10-28 v0.13 Display of landscape pages in PD
F (HO)

(/usr/share/texmf-dist/tex/latex/graphics/lscape.sty
Package: lscape 2020/05/28 v3.02 Landscape Pages (DPC)
)
Package pdflscape Info: Auto-detected driver: pdftex on input line 81.
))
Package hyperref Info: Link coloring OFF on input line 31.
 (./dokumentacja.out)
(./dokumentacja.out)
\@outlinefile=\write3

\openout3 = dokumentacja.out
<./Figures/logo.png, id=48, 1185.42876pt x 1185.42876pt>
File: ./Figures/logo.png Graphic file (type png)
<use ./Figures/logo.png>
Package luatex.def Info: ./Figures/logo.png  used on input line 42.
(luatex.def)             Requested size: 170.71652pt x 170.71608pt.
LaTeX Font Info:    External font `cmex10' loaded for size
(Font)              <14.4> on input line 42.
LaTeX Font Info:    External font `cmex10' loaded for size
(Font)              <7> on input line 42.

warning  (file rysunek.pdf) (pdf inclusion): PDF inclusion: found PDF version '1
.7', but at most version '1.5' allowed
<rysunek.pdf, id=49, 3382.6375pt x 2392.94pt>
File: rysunek.pdf Graphic file (type pdf)
<use rysunek.pdf>
Package luatex.def Info: rysunek.pdf  used on input line 59.
(luatex.def)             Requested size: 3382.62929pt x 2392.93419pt.

warning  (file rysunek.pdf) (pdf inclusion): PDF inclusion: found PDF version '1
.7', but at most version '1.5' allowed
File: rysunek.pdf Graphic file (type pdf)
<use rysunek.pdf>
Package luatex.def Info: rysunek.pdf  used on input line 59.
(luatex.def)             Requested size: 3382.62929pt x 2392.93419pt.

warning  (file rysunek.pdf) (pdf inclusion): PDF inclusion: found PDF version '1
.7', but at most version '1.5' allowed

warning  (file rysunek.pdf) (pdf inclusion): PDF inclusion: found PDF version '1
.7', but at most version '1.5' allowed
<rysunek.pdf, id=52, page=1, 3382.6375pt x 2392.94pt>
File: rysunek.pdf Graphic file (type pdf)
<use rysunek.pdf, page 1>
Package luatex.def Info: rysunek.pdf , page1 used on input line 59.
(luatex.def)             Requested size: 3382.62929pt x 2392.93419pt.
File: rysunek.pdf Graphic file (type pdf)
<use rysunek.pdf, page 1>
Package luatex.def Info: rysunek.pdf , page1 used on input line 59.
(luatex.def)             Requested size: 3383.24866pt x 2393.37234pt.
[1

{/var/lib/texmf/fonts/map/pdftex/updmap/pdftex.map}<./Figures/logo.png>]
File: rysunek.pdf Graphic file (type pdf)
<use rysunek.pdf, page 1>
Package luatex.def Info: rysunek.pdf , page1 used on input line 59.
(luatex.def)             Requested size: 3383.24866pt x 2393.37234pt.
File: rysunek.pdf Graphic file (type pdf)
<use rysunek.pdf, page 1>
Package luatex.def Info: rysunek.pdf , page1 used on input line 59.
(luatex.def)             Requested size: 3383.24866pt x 2393.37234pt.
File: rysunek.pdf Graphic file (type pdf)
<use rysunek.pdf, page 1>
Package luatex.def Info: rysunek.pdf , page1 used on input line 59.
(luatex.def)             Requested size: 3383.24866pt x 2393.37234pt.

[2

<./rysunek.pdf>]
<./Figures/model2.png, id=81, 531.48563pt x 479.54156pt>
File: ./Figures/model2.png Graphic file (type png)
<use ./Figures/model2.png>
Package luatex.def Info: ./Figures/model2.png  used on input line 63.
(luatex.def)             Requested size: 354.12144pt x 319.52042pt.
<./Figures/model.png, id=82, 1065.9825pt x 843.15pt>
File: ./Figures/model.png Graphic file (type png)
<use ./Figures/model.png>
Package luatex.def Info: ./Figures/model.png  used on input line 64.
(luatex.def)             Requested size: 455.2979pt x 360.11586pt.
<./Figures/silownik.png, id=83, 1065.9825pt x 492.84125pt>
File: ./Figures/silownik.png Graphic file (type png)
<use ./Figures/silownik.png>
Package luatex.def Info: ./Figures/silownik.png  used on input line 73.
(luatex.def)             Requested size: 505.89pt x 233.89145pt.
<./Figures/silownik2.png, id=84, 1089.06876pt x 1037.8775pt>
File: ./Figures/silownik2.png Graphic file (type png)
<use ./Figures/silownik2.png>
Package luatex.def Info: ./Figures/silownik2.png  used on input line 74.
(luatex.def)             Requested size: 455.2979pt x 433.89432pt.
 [3<./Figures/model2.png><./Figures/model.png>]
<./Figures/gt2.png, id=91, 1560.83125pt x 988.69376pt>
File: ./Figures/gt2.png Graphic file (type png)
<use ./Figures/gt2.png>
Package luatex.def Info: ./Figures/gt2.png  used on input line 81.
(luatex.def)             Requested size: 505.89pt x 320.44667pt.
 [4<./Figures/silownik.png><./Figures/silownik2.png>]
<./Figures/mr105.png, id=96, 1190.4475pt x 634.37pt>
File: ./Figures/mr105.png Graphic file (type png)
<use ./Figures/mr105.png>
Package luatex.def Info: ./Figures/mr105.png  used on input line 84.
(luatex.def)             Requested size: 505.89pt x 269.57948pt.
<./Figures/silnikkrokowy.png, id=97, 722.7pt x 455.7025pt>
File: ./Figures/silnikkrokowy.png Graphic file (type png)
<use ./Figures/silnikkrokowy.png>
Package luatex.def Info: ./Figures/silnikkrokowy.png  used on input line 87.
(luatex.def)             Requested size: 505.89pt x 318.98956pt.
 [5<./Figures/gt2.png><./Figures/mr105.png>]
<./Figures/pompa.png, id=102, 362.35374pt x 325.215pt>
File: ./Figures/pompa.png Graphic file (type png)
<use ./Figures/pompa.png>
Package luatex.def Info: ./Figures/pompa.png  used on input line 90.
(luatex.def)             Requested size: 303.53708pt x 272.42941pt.
<./Figures/serwolf.png, id=103, 574.145pt x 762.85pt>
File: ./Figures/serwolf.png Graphic file (type png)
<use ./Figures/serwolf.png>
Package luatex.def Info: ./Figures/serwolf.png  used on input line 93.
(luatex.def)             Requested size: 303.53708pt x 403.30753pt.
 [6<./Figures/silnikkrokowy.png><./Figures/pompa.png>]
<./Figures/serwosg.png, id=108, 398.48875pt x 284.06125pt>
File: ./Figures/serwosg.png Graphic file (type png)
<use ./Figures/serwosg.png>
Package luatex.def Info: ./Figures/serwosg.png  used on input line 96.
(luatex.def)             Requested size: 303.53708pt x 216.38289pt.

warning  (file Prezentacja 1 revised.pdf) (pdf inclusion): PDF inclusion: found 
PDF version '1.7', but at most version '1.5' allowed
<Prezentacja 1 revised.pdf, id=109, 1445.4pt x 813.0375pt>
File: Prezentacja 1 revised.pdf Graphic file (type pdf)
<use Prezentacja 1 revised.pdf>
Package luatex.def Info: Prezentacja 1 revised.pdf  used on input line 98.
(luatex.def)             Requested size: 1445.39648pt x 813.03552pt.

warning  (file Prezentacja 1 revised.pdf) (pdf inclusion): PDF inclusion: found 
PDF version '1.7', but at most version '1.5' allowed
File: Prezentacja 1 revised.pdf Graphic file (type pdf)
<use Prezentacja 1 revised.pdf>
Package luatex.def Info: Prezentacja 1 revised.pdf  used on input line 98.
(luatex.def)             Requested size: 1445.39648pt x 813.03552pt.

warning  (file Prezentacja 1 revised.pdf) (pdf inclusion): PDF inclusion: found 
PDF version '1.7', but at most version '1.5' allowed

warning  (file Prezentacja 1 revised.pdf) (pdf inclusion): PDF inclusion: found 
PDF version '1.7', but at most version '1.5' allowed
<Prezentacja 1 revised.pdf, id=112, page=1, 1445.4pt x 813.0375pt>
File: Prezentacja 1 revised.pdf Graphic file (type pdf)
<use Prezentacja 1 revised.pdf, page 1>
Package luatex.def Info: Prezentacja 1 revised.pdf , page1 used on input line 9
8.
(luatex.def)             Requested size: 1445.39648pt x 813.03552pt.
File: Prezentacja 1 revised.pdf Graphic file (type pdf)
<use Prezentacja 1 revised.pdf, page 1>
Package luatex.def Info: Prezentacja 1 revised.pdf , page1 used on input line 9
8.
(luatex.def)             Requested size: 1445.44058pt x 813.06033pt.
[7<./Figures/serwolf.png><./Figures/serwosg.png>]
File: Prezentacja 1 revised.pdf Graphic file (type pdf)
<use Prezentacja 1 revised.pdf, page 1>
Package luatex.def Info: Prezentacja 1 revised.pdf , page1 used on input line 9
8.
(luatex.def)             Requested size: 1445.44058pt x 813.06033pt.
File: Prezentacja 1 revised.pdf Graphic file (type pdf)
<use Prezentacja 1 revised.pdf, page 1>
Package luatex.def Info: Prezentacja 1 revised.pdf , page1 used on input line 9
8.
(luatex.def)             Requested size: 1445.44058pt x 813.06033pt.
File: Prezentacja 1 revised.pdf Graphic file (type pdf)
<use Prezentacja 1 revised.pdf, page 1>
Package luatex.def Info: Prezentacja 1 revised.pdf , page1 used on input line 9
8.
(luatex.def)             Requested size: 1445.44058pt x 813.06033pt.
 [8

<./Prezentacja 1 revised.pdf>]
warning  (file Prezentacja 1 revised.pdf) (pdf inclusion): PDF inclusion: found 
PDF version '1.7', but at most version '1.5' allowed
<Prezentacja 1 revised.pdf, id=135, page=2, 1445.4pt x 813.0375pt>
File: Prezentacja 1 revised.pdf Graphic file (type pdf)
<use Prezentacja 1 revised.pdf, page 2>
Package luatex.def Info: Prezentacja 1 revised.pdf , page2 used on input line 9
8.
(luatex.def)             Requested size: 1445.44058pt x 813.06033pt.
File: Prezentacja 1 revised.pdf Graphic file (type pdf)
<use Prezentacja 1 revised.pdf, page 2>
Package luatex.def Info: Prezentacja 1 revised.pdf , page2 used on input line 9
8.
(luatex.def)             Requested size: 1445.44058pt x 813.06033pt.
File: Prezentacja 1 revised.pdf Graphic file (type pdf)
<use Prezentacja 1 revised.pdf, page 2>
Package luatex.def Info: Prezentacja 1 revised.pdf , page2 used on input line 9
8.
(luatex.def)             Requested size: 1445.44058pt x 813.06033pt.
[9

<./Prezentacja 1 revised.pdf>]
warning  (file Prezentacja 1 revised.pdf) (pdf inclusion): PDF inclusion: found 
PDF version '1.7', but at most version '1.5' allowed
<Prezentacja 1 revised.pdf, id=151, page=3, 1445.4pt x 813.0375pt>
File: Prezentacja 1 revised.pdf Graphic file (type pdf)
<use Prezentacja 1 revised.pdf, page 3>
Package luatex.def Info: Prezentacja 1 revised.pdf , page3 used on input line 9
8.
(luatex.def)             Requested size: 1445.44058pt x 813.06033pt.
File: Prezentacja 1 revised.pdf Graphic file (type pdf)
<use Prezentacja 1 revised.pdf, page 3>
Package luatex.def Info: Prezentacja 1 revised.pdf , page3 used on input line 9
8.
(luatex.def)             Requested size: 1445.44058pt x 813.06033pt.
File: Prezentacja 1 revised.pdf Graphic file (type pdf)
<use Prezentacja 1 revised.pdf, page 3>
Package luatex.def Info: Prezentacja 1 revised.pdf , page3 used on input line 9
8.
(luatex.def)             Requested size: 1445.44058pt x 813.06033pt.
[10

<./Prezentacja 1 revised.pdf>]
warning  (file Prezentacja 1 revised.pdf) (pdf inclusion): PDF inclusion: found 
PDF version '1.7', but at most version '1.5' allowed
<Prezentacja 1 revised.pdf, id=177, page=4, 1445.4pt x 813.0375pt>
File: Prezentacja 1 revised.pdf Graphic file (type pdf)
<use Prezentacja 1 revised.pdf, page 4>
Package luatex.def Info: Prezentacja 1 revised.pdf , page4 used on input line 9
8.
(luatex.def)             Requested size: 1445.44058pt x 813.06033pt.
File: Prezentacja 1 revised.pdf Graphic file (type pdf)
<use Prezentacja 1 revised.pdf, page 4>
Package luatex.def Info: Prezentacja 1 revised.pdf , page4 used on input line 9
8.
(luatex.def)             Requested size: 1445.44058pt x 813.06033pt.
File: Prezentacja 1 revised.pdf Graphic file (type pdf)
<use Prezentacja 1 revised.pdf, page 4>
Package luatex.def Info: Prezentacja 1 revised.pdf , page4 used on input line 9
8.
(luatex.def)             Requested size: 1445.44058pt x 813.06033pt.
[11

<./Prezentacja 1 revised.pdf>]
warning  (file Prezentacja 1 revised.pdf) (pdf inclusion): PDF inclusion: found 
PDF version '1.7', but at most version '1.5' allowed
<Prezentacja 1 revised.pdf, id=188, page=5, 1445.4pt x 813.0375pt>
File: Prezentacja 1 revised.pdf Graphic file (type pdf)
<use Prezentacja 1 revised.pdf, page 5>
Package luatex.def Info: Prezentacja 1 revised.pdf , page5 used on input line 9
8.
(luatex.def)             Requested size: 1445.44058pt x 813.06033pt.
File: Prezentacja 1 revised.pdf Graphic file (type pdf)
<use Prezentacja 1 revised.pdf, page 5>
Package luatex.def Info: Prezentacja 1 revised.pdf , page5 used on input line 9
8.
(luatex.def)             Requested size: 1445.44058pt x 813.06033pt.
File: Prezentacja 1 revised.pdf Graphic file (type pdf)
<use Prezentacja 1 revised.pdf, page 5>
Package luatex.def Info: Prezentacja 1 revised.pdf , page5 used on input line 9
8.
(luatex.def)             Requested size: 1445.44058pt x 813.06033pt.
[12

<./Prezentacja 1 revised.pdf>]
warning  (file Prezentacja 1 revised.pdf) (pdf inclusion): PDF inclusion: found 
PDF version '1.7', but at most version '1.5' allowed
<Prezentacja 1 revised.pdf, id=194, page=6, 1445.4pt x 813.0375pt>
File: Prezentacja 1 revised.pdf Graphic file (type pdf)
<use Prezentacja 1 revised.pdf, page 6>
Package luatex.def Info: Prezentacja 1 revised.pdf , page6 used on input line 9
8.
(luatex.def)             Requested size: 1445.44058pt x 813.06033pt.
File: Prezentacja 1 revised.pdf Graphic file (type pdf)
<use Prezentacja 1 revised.pdf, page 6>
Package luatex.def Info: Prezentacja 1 revised.pdf , page6 used on input line 9
8.
(luatex.def)             Requested size: 1445.44058pt x 813.06033pt.
File: Prezentacja 1 revised.pdf Graphic file (type pdf)
<use Prezentacja 1 revised.pdf, page 6>
Package luatex.def Info: Prezentacja 1 revised.pdf , page6 used on input line 9
8.
(luatex.def)             Requested size: 1445.44058pt x 813.06033pt.
[13

<./Prezentacja 1 revised.pdf>]
warning  (file Prezentacja 1 revised.pdf) (pdf inclusion): PDF inclusion: found 
PDF version '1.7', but at most version '1.5' allowed
<Prezentacja 1 revised.pdf, id=206, page=7, 1445.4pt x 813.0375pt>
File: Prezentacja 1 revised.pdf Graphic file (type pdf)
<use Prezentacja 1 revised.pdf, page 7>
Package luatex.def Info: Prezentacja 1 revised.pdf , page7 used on input line 9
8.
(luatex.def)             Requested size: 1445.44058pt x 813.06033pt.
File: Prezentacja 1 revised.pdf Graphic file (type pdf)
<use Prezentacja 1 revised.pdf, page 7>
Package luatex.def Info: Prezentacja 1 revised.pdf , page7 used on input line 9
8.
(luatex.def)             Requested size: 1445.44058pt x 813.06033pt.
File: Prezentacja 1 revised.pdf Graphic file (type pdf)
<use Prezentacja 1 revised.pdf, page 7>
Package luatex.def Info: Prezentacja 1 revised.pdf , page7 used on input line 9
8.
(luatex.def)             Requested size: 1445.44058pt x 813.06033pt.
[14

<./Prezentacja 1 revised.pdf>]
warning  (file Prezentacja 1 revised.pdf) (pdf inclusion): PDF inclusion: found 
PDF version '1.7', but at most version '1.5' allowed
<Prezentacja 1 revised.pdf, id=213, page=8, 1445.4pt x 813.0375pt>
File: Prezentacja 1 revised.pdf Graphic file (type pdf)
<use Prezentacja 1 revised.pdf, page 8>
Package luatex.def Info: Prezentacja 1 revised.pdf , page8 used on input line 9
8.
(luatex.def)             Requested size: 1445.44058pt x 813.06033pt.
File: Prezentacja 1 revised.pdf Graphic file (type pdf)
<use Prezentacja 1 revised.pdf, page 8>
Package luatex.def Info: Prezentacja 1 revised.pdf , page8 used on input line 9
8.
(luatex.def)             Requested size: 1445.44058pt x 813.06033pt.
File: Prezentacja 1 revised.pdf Graphic file (type pdf)
<use Prezentacja 1 revised.pdf, page 8>
Package luatex.def Info: Prezentacja 1 revised.pdf , page8 used on input line 9
8.
(luatex.def)             Requested size: 1445.44058pt x 813.06033pt.
[15

<./Prezentacja 1 revised.pdf>]
warning  (file Prezentacja 1 revised.pdf) (pdf inclusion): PDF inclusion: found 
PDF version '1.7', but at most version '1.5' allowed
<Prezentacja 1 revised.pdf, id=219, page=9, 1445.4pt x 813.0375pt>
File: Prezentacja 1 revised.pdf Graphic file (type pdf)
<use Prezentacja 1 revised.pdf, page 9>
Package luatex.def Info: Prezentacja 1 revised.pdf , page9 used on input line 9
8.
(luatex.def)             Requested size: 1445.44058pt x 813.06033pt.
File: Prezentacja 1 revised.pdf Graphic file (type pdf)
<use Prezentacja 1 revised.pdf, page 9>
Package luatex.def Info: Prezentacja 1 revised.pdf , page9 used on input line 9
8.
(luatex.def)             Requested size: 1445.44058pt x 813.06033pt.
File: Prezentacja 1 revised.pdf Graphic file (type pdf)
<use Prezentacja 1 revised.pdf, page 9>
Package luatex.def Info: Prezentacja 1 revised.pdf , page9 used on input line 9
8.
(luatex.def)             Requested size: 1445.44058pt x 813.06033pt.
[16

<./Prezentacja 1 revised.pdf>]
warning  (file Prezentacja 2.pdf) (pdf inclusion): PDF inclusion: found PDF vers
ion '1.7', but at most version '1.5' allowed
<Prezentacja 2.pdf, id=225, 963.6pt x 542.025pt>
File: Prezentacja 2.pdf Graphic file (type pdf)
<use Prezentacja 2.pdf>
Package luatex.def Info: Prezentacja 2.pdf  used on input line 99.
(luatex.def)             Requested size: 963.59766pt x 542.02367pt.

warning  (file Prezentacja 2.pdf) (pdf inclusion): PDF inclusion: found PDF vers
ion '1.7', but at most version '1.5' allowed
File: Prezentacja 2.pdf Graphic file (type pdf)
<use Prezentacja 2.pdf>
Package luatex.def Info: Prezentacja 2.pdf  used on input line 99.
(luatex.def)             Requested size: 963.59766pt x 542.02367pt.

warning  (file Prezentacja 2.pdf) (pdf inclusion): PDF inclusion: found PDF vers
ion '1.7', but at most version '1.5' allowed

warning  (file Prezentacja 2.pdf) (pdf inclusion): PDF inclusion: found PDF vers
ion '1.7', but at most version '1.5' allowed
<Prezentacja 2.pdf, id=228, page=1, 963.6pt x 542.025pt>
File: Prezentacja 2.pdf Graphic file (type pdf)
<use Prezentacja 2.pdf, page 1>
Package luatex.def Info: Prezentacja 2.pdf , page1 used on input line 99.
(luatex.def)             Requested size: 963.59766pt x 542.02367pt.
File: Prezentacja 2.pdf Graphic file (type pdf)
<use Prezentacja 2.pdf, page 1>
Package luatex.def Info: Prezentacja 2.pdf , page1 used on input line 99.
(luatex.def)             Requested size: 963.62706pt x 542.0402pt.
File: Prezentacja 2.pdf Graphic file (type pdf)
<use Prezentacja 2.pdf, page 1>
Package luatex.def Info: Prezentacja 2.pdf , page1 used on input line 99.
(luatex.def)             Requested size: 963.62706pt x 542.0402pt.
File: Prezentacja 2.pdf Graphic file (type pdf)
<use Prezentacja 2.pdf, page 1>
Package luatex.def Info: Prezentacja 2.pdf , page1 used on input line 99.
(luatex.def)             Requested size: 963.62706pt x 542.0402pt.
File: Prezentacja 2.pdf Graphic file (type pdf)
<use Prezentacja 2.pdf, page 1>
Package luatex.def Info: Prezentacja 2.pdf , page1 used on input line 99.
(luatex.def)             Requested size: 963.62706pt x 542.0402pt.
[17

<./prezentacja 2.pdf>]
warning  (file Prezentacja 2.pdf) (pdf inclusion): PDF inclusion: found PDF vers
ion '1.7', but at most version '1.5' allowed
<Prezentacja 2.pdf, id=248, page=2, 963.6pt x 542.025pt>
File: Prezentacja 2.pdf Graphic file (type pdf)
<use Prezentacja 2.pdf, page 2>
Package luatex.def Info: Prezentacja 2.pdf , page2 used on input line 99.
(luatex.def)             Requested size: 963.62706pt x 542.0402pt.
File: Prezentacja 2.pdf Graphic file (type pdf)
<use Prezentacja 2.pdf, page 2>
Package luatex.def Info: Prezentacja 2.pdf , page2 used on input line 99.
(luatex.def)             Requested size: 963.62706pt x 542.0402pt.
File: Prezentacja 2.pdf Graphic file (type pdf)
<use Prezentacja 2.pdf, page 2>
Package luatex.def Info: Prezentacja 2.pdf , page2 used on input line 99.
(luatex.def)             Requested size: 963.62706pt x 542.0402pt.
[18

<./prezentacja 2.pdf>]
warning  (file Prezentacja 2.pdf) (pdf inclusion): PDF inclusion: found PDF vers
ion '1.7', but at most version '1.5' allowed
<Prezentacja 2.pdf, id=254, page=3, 963.6pt x 542.025pt>
File: Prezentacja 2.pdf Graphic file (type pdf)
<use Prezentacja 2.pdf, page 3>
Package luatex.def Info: Prezentacja 2.pdf , page3 used on input line 99.
(luatex.def)             Requested size: 963.62706pt x 542.0402pt.
File: Prezentacja 2.pdf Graphic file (type pdf)
<use Prezentacja 2.pdf, page 3>
Package luatex.def Info: Prezentacja 2.pdf , page3 used on input line 99.
(luatex.def)             Requested size: 963.62706pt x 542.0402pt.
File: Prezentacja 2.pdf Graphic file (type pdf)
<use Prezentacja 2.pdf, page 3>
Package luatex.def Info: Prezentacja 2.pdf , page3 used on input line 99.
(luatex.def)             Requested size: 963.62706pt x 542.0402pt.
[19

<./prezentacja 2.pdf>]
warning  (file Prezentacja 2.pdf) (pdf inclusion): PDF inclusion: found PDF vers
ion '1.7', but at most version '1.5' allowed
<Prezentacja 2.pdf, id=260, page=4, 963.6pt x 542.025pt>
File: Prezentacja 2.pdf Graphic file (type pdf)
<use Prezentacja 2.pdf, page 4>
Package luatex.def Info: Prezentacja 2.pdf , page4 used on input line 99.
(luatex.def)             Requested size: 963.62706pt x 542.0402pt.
File: Prezentacja 2.pdf Graphic file (type pdf)
<use Prezentacja 2.pdf, page 4>
Package luatex.def Info: Prezentacja 2.pdf , page4 used on input line 99.
(luatex.def)             Requested size: 963.62706pt x 542.0402pt.
File: Prezentacja 2.pdf Graphic file (type pdf)
<use Prezentacja 2.pdf, page 4>
Package luatex.def Info: Prezentacja 2.pdf , page4 used on input line 99.
(luatex.def)             Requested size: 963.62706pt x 542.0402pt.
[20

<./prezentacja 2.pdf>]
warning  (file Prezentacja 2.pdf) (pdf inclusion): PDF inclusion: found PDF vers
ion '1.7', but at most version '1.5' allowed
<Prezentacja 2.pdf, id=266, page=5, 963.6pt x 542.025pt>
File: Prezentacja 2.pdf Graphic file (type pdf)
<use Prezentacja 2.pdf, page 5>
Package luatex.def Info: Prezentacja 2.pdf , page5 used on input line 99.
(luatex.def)             Requested size: 963.62706pt x 542.0402pt.
File: Prezentacja 2.pdf Graphic file (type pdf)
<use Prezentacja 2.pdf, page 5>
Package luatex.def Info: Prezentacja 2.pdf , page5 used on input line 99.
(luatex.def)             Requested size: 963.62706pt x 542.0402pt.
File: Prezentacja 2.pdf Graphic file (type pdf)
<use Prezentacja 2.pdf, page 5>
Package luatex.def Info: Prezentacja 2.pdf , page5 used on input line 99.
(luatex.def)             Requested size: 963.62706pt x 542.0402pt.
[21

<./prezentacja 2.pdf>] (./dokumentacja.aux)
 ***********
LaTeX2e <2023-11-01> patch level 1
L3 programming layer <2024-02-20>
 ***********
Package rerunfilecheck Info: File `dokumentacja.out' has not changed.
(rerunfilecheck)             Checksum: FF2E85265FF2BF482B75ABD9B147BFC5;1459.
)

Here is how much of LuaTeX's memory you used:
 13995 strings out of 476447
 125027,1977958 words of node,token memory allocated
 490 words of node memory still in use:
   4 hlist, 1 vlist, 1 rule, 5 glue, 3 kern, 1 glyph, 10 attribute, 56 glue_spec
, 5 attribute_list, 1 write nodes
   avail lists: 1:1,2:636,3:201,4:63,5:376,6:42,7:4071,8:1,9:263,10:3,11:456
 35639 multiletter control sequences out of 65536+600000
 31 fonts using 2135183 bytes
 72i,17n,76p,304b,497s stack positions out of 10000i,1000n,20000p,200000b,200000s
</usr/share/texmf-dist/fonts/opentype/public/lm/lmroman12-regular.otf></usr/shar
e/texmf-dist/fonts/opentype/public/lm/lmroman12-bold.otf>
Output written on dokumentacja.pdf (21 pages, 3579002 bytes).

PDF statistics: 294 PDF objects out of 1000 (max. 8388607)
 187 compressed objects within 2 object streams
 33 named destinations out of 1000 (max. 131072)
 89 words of extra memory for PDF output out of 10000 (max. 100000000)

